{"C:\\Users\\Administrator\\WebstormProjects\\arraybufferhw2\\src\\js\\ArrayBufferConverter.js": {"path":"C:\\Users\\Administrator\\WebstormProjects\\arraybufferhw2\\src\\js\\ArrayBufferConverter.js","statementMap":{"0":{"start":{"line":4,"column":8},"end":{"line":4,"column":46}},"1":{"start":{"line":8,"column":21},"end":{"line":8,"column":23}},"2":{"start":{"line":10,"column":8},"end":{"line":12,"column":9}},"3":{"start":{"line":11,"column":12},"end":{"line":11,"column":45}},"4":{"start":{"line":14,"column":8},"end":{"line":14,"column":22}},"5":{"start":{"line":20,"column":17},"end":{"line":20,"column":72}},"6":{"start":{"line":21,"column":4},"end":{"line":28,"column":13}},"7":{"start":{"line":22,"column":23},"end":{"line":22,"column":55}},"8":{"start":{"line":23,"column":27},"end":{"line":23,"column":50}},"9":{"start":{"line":24,"column":8},"end":{"line":26,"column":9}},"10":{"start":{"line":24,"column":21},"end":{"line":24,"column":22}},"11":{"start":{"line":25,"column":12},"end":{"line":25,"column":48}},"12":{"start":{"line":27,"column":8},"end":{"line":27,"column":22}}},"fnMap":{"0":{"name":"(anonymous_0)","decl":{"start":{"line":3,"column":4},"end":{"line":3,"column":5}},"loc":{"start":{"line":3,"column":16},"end":{"line":5,"column":5}},"line":3},"1":{"name":"(anonymous_1)","decl":{"start":{"line":7,"column":4},"end":{"line":7,"column":5}},"loc":{"start":{"line":7,"column":14},"end":{"line":15,"column":5}},"line":7},"2":{"name":"getBuffer","decl":{"start":{"line":19,"column":16},"end":{"line":19,"column":25}},"loc":{"start":{"line":19,"column":28},"end":{"line":29,"column":1}},"line":19},"3":{"name":"(anonymous_3)","decl":{"start":{"line":21,"column":12},"end":{"line":21,"column":13}},"loc":{"start":{"line":21,"column":21},"end":{"line":28,"column":5}},"line":21}},"branchMap":{},"s":{"0":1,"1":1,"2":1,"3":53,"4":1,"5":1,"6":1,"7":1,"8":1,"9":1,"10":1,"11":53,"12":1},"f":{"0":1,"1":1,"2":1,"3":1},"b":{},"_coverageSchema":"1a1c01bbd47fc00a2c39e90264f33305004495a9","hash":"475a0afabc534c25e35ad6a756b1132b4fe3c55e"}
}
